<?xml version="1.0" encoding="UTF-8"?>
<testng-results skipped="0" failed="0" ignored="0" total="1" passed="1">
  <reporter-output>
  </reporter-output>
  <suite name="Default suite" duration-ms="69857" started-at="2021-08-09T19:34:48 ART" finished-at="2021-08-09T19:35:58 ART">
    <groups>
    </groups>
    <test name="Default test" duration-ms="69857" started-at="2021-08-09T19:34:48 ART" finished-at="2021-08-09T19:35:58 ART">
      <class name="Pruebas.TestBase">
        <test-method status="PASS" signature="test()[pri:0, instance:Pruebas.TestBase@4cf4d528]" name="test" is-config="true" duration-ms="6509" started-at="2021-08-09T19:34:41 ART" finished-at="2021-08-09T19:34:48 ART">
          <reporter-output>
          </reporter-output>
        </test-method> <!-- test -->
        <test-method status="PASS" signature="Hogar()[pri:0, instance:Pruebas.TestBase@4cf4d528]" name="Hogar" duration-ms="69095" started-at="2021-08-09T19:34:48 ART" finished-at="2021-08-09T19:35:57 ART">
          <reporter-output>
          </reporter-output>
        </test-method> <!-- Hogar -->
        <test-method status="PASS" signature="cerrarPagina()[pri:0, instance:Pruebas.TestBase@4cf4d528]" name="cerrarPagina" is-config="true" duration-ms="712" started-at="2021-08-09T19:35:57 ART" finished-at="2021-08-09T19:35:58 ART">
          <reporter-output>
          </reporter-output>
        </test-method> <!-- cerrarPagina -->
      </class> <!-- Pruebas.TestBase -->
    </test> <!-- Default test -->
  </suite> <!-- Default suite -->
</testng-results>
